<?xml version="1.0" encoding="utf-8"?><testsuites name="pytest tests"><testsuite name="pytest" errors="0" failures="0" skipped="0" tests="21" time="13.163" timestamp="2026-07-23T20:38:22.869396+00:00" hostname="agent-env-71c22391-e688-4bbd-b998-bd32f82eff72"><testcase classname="tests.test_backend.TestAuth" name="test_login_success_sets_cookie" time="0.004" /><testcase classname="tests.test_backend.TestAuth" name="test_login_wrong_password_401" time="0.002" /><testcase classname="tests.test_backend.TestAuth" name="test_dashboard_without_cookie_redirects" time="0.002" /><testcase classname="tests.test_backend.TestAuth" name="test_dashboard_with_cookie_200" time="0.003" /><testcase classname="tests.test_backend.TestOverlays" name="test_overlay_public_200[alerts]" time="0.002" /><testcase classname="tests.test_backend.TestOverlays" name="test_overlay_public_200[chat]" time="0.002" /><testcase classname="tests.test_backend.TestOverlays" name="test_overlay_public_200[goal]" time="0.002" /><testcase classname="tests.test_backend.TestOverlays" name="test_overlay_public_200[stats]" time="0.002" /><testcase classname="tests.test_backend.TestOverlays" name="test_overlay_public_200[ticker]" time="0.001" /><testcase classname="tests.test_backend.TestPublicConfig" name="test_public_config_no_auth" time="0.001" /><testcase classname="tests.test_backend.TestAuthGating" name="test_requires_auth_401[GET-/api/status-None]" time="0.002" /><testcase classname="tests.test_backend.TestAuthGating" name="test_requires_auth_401[GET-/api/config-None]" time="0.001" /><testcase classname="tests.test_backend.TestAuthGating" name="test_requires_auth_401[GET-/api/log-None]" time="0.001" /><testcase classname="tests.test_backend.TestAuthGating" name="test_requires_auth_401[POST-/api/demo/fire-body3]" time="0.001" /><testcase classname="tests.test_backend.TestAuthGating" name="test_requires_auth_401[POST-/api/counters/reset-body4]" time="0.002" /><testcase classname="tests.test_backend.TestDemoFireAllTypes" name="test_each_event_type_reaches_log" time="4.015" /><testcase classname="tests.test_backend.TestLogCap" name="test_log_never_exceeds_500" time="0.067" /><testcase classname="tests.test_backend.TestConfigDeepMerge" name="test_put_config_deep_merges" time="0.003" /><testcase classname="tests.test_backend.TestCountersPersistence" name="test_reset_zeroes_counters" time="1.504" /><testcase classname="tests.test_backend.TestCountersPersistence" name="test_follow_counter_increments" time="1.708" /><testcase classname="tests.test_backend.TestCountersPersistence" name="test_counter_persists_across_restart" time="5.732" /></testsuite></testsuites>